<?xml version="1.0" encoding="UTF-8"?>
<testng-results skipped="0" failed="4" ignored="6" total="36" passed="26">
  <reporter-output>
  </reporter-output>
  <suite name="Default suite" duration-ms="781" started-at="2021-09-30T22:04:10 EEST" finished-at="2021-09-30T22:04:11 EEST">
    <groups>
    </groups>
    <test name="Default test" duration-ms="781" started-at="2021-09-30T22:04:10 EEST" finished-at="2021-09-30T22:04:11 EEST">
      <class name="com.ss.ita.kata.EightTest">
        <test-method status="PASS" signature="testStringToNumber(com.ss.ita.kata.Eight,java.lang.String,int)[pri:0, instance:com.ss.ita.kata.EightTest@7f13d6e]" name="testStringToNumber" duration-ms="31" started-at="2021-09-30T22:04:11 EEST" data-provider="dpStringToNumber" finished-at="2021-09-30T22:04:11 EEST">
          <params>
            <param index="0">
              <value>
                <![CDATA[anastasia8755]]>
              </value>
            </param>
            <param index="1">
              <value>
                <![CDATA[-10]]>
              </value>
            </param>
            <param index="2">
              <value>
                <![CDATA[-10]]>
              </value>
            </param>
          </params>
          <reporter-output>
          </reporter-output>
        </test-method> <!-- testStringToNumber -->
        <test-method status="PASS" signature="testStringToNumber(com.ss.ita.kata.Eight,java.lang.String,int)[pri:0, instance:com.ss.ita.kata.EightTest@7f13d6e]" name="testStringToNumber" duration-ms="15" started-at="2021-09-30T22:04:11 EEST" data-provider="dpStringToNumber" finished-at="2021-09-30T22:04:11 EEST">
          <params>
            <param index="0">
              <value>
                <![CDATA[anastasia8755]]>
              </value>
            </param>
            <param index="1">
              <value>
                <![CDATA[0]]>
              </value>
            </param>
            <param index="2">
              <value>
                <![CDATA[0]]>
              </value>
            </param>
          </params>
          <reporter-output>
          </reporter-output>
        </test-method> <!-- testStringToNumber -->
        <test-method status="PASS" signature="testStringToNumber(com.ss.ita.kata.Eight,java.lang.String,int)[pri:0, instance:com.ss.ita.kata.EightTest@7f13d6e]" name="testStringToNumber" duration-ms="16" started-at="2021-09-30T22:04:11 EEST" data-provider="dpStringToNumber" finished-at="2021-09-30T22:04:11 EEST">
          <params>
            <param index="0">
              <value>
                <![CDATA[anastasia8755]]>
              </value>
            </param>
            <param index="1">
              <value>
                <![CDATA[10]]>
              </value>
            </param>
            <param index="2">
              <value>
                <![CDATA[10]]>
              </value>
            </param>
          </params>
          <reporter-output>
          </reporter-output>
        </test-method> <!-- testStringToNumber -->
        <test-method status="PASS" signature="testStringToNumber(com.ss.ita.kata.Eight,java.lang.String,int)[pri:0, instance:com.ss.ita.kata.EightTest@7f13d6e]" name="testStringToNumber" duration-ms="0" started-at="2021-09-30T22:04:11 EEST" data-provider="dpStringToNumber" finished-at="2021-09-30T22:04:11 EEST">
          <params>
            <param index="0">
              <value>
                <![CDATA[com.ss.ita.kata.implementation.dzhyv.EightImpl@b9afc07]]>
              </value>
            </param>
            <param index="1">
              <value>
                <![CDATA[-10]]>
              </value>
            </param>
            <param index="2">
              <value>
                <![CDATA[-10]]>
              </value>
            </param>
          </params>
          <reporter-output>
          </reporter-output>
        </test-method> <!-- testStringToNumber -->
        <test-method status="PASS" signature="testStringToNumber(com.ss.ita.kata.Eight,java.lang.String,int)[pri:0, instance:com.ss.ita.kata.EightTest@7f13d6e]" name="testStringToNumber" duration-ms="0" started-at="2021-09-30T22:04:11 EEST" data-provider="dpStringToNumber" finished-at="2021-09-30T22:04:11 EEST">
          <params>
            <param index="0">
              <value>
                <![CDATA[com.ss.ita.kata.implementation.dzhyv.EightImpl@b9afc07]]>
              </value>
            </param>
            <param index="1">
              <value>
                <![CDATA[0]]>
              </value>
            </param>
            <param index="2">
              <value>
                <![CDATA[0]]>
              </value>
            </param>
          </params>
          <reporter-output>
          </reporter-output>
        </test-method> <!-- testStringToNumber -->
        <test-method status="PASS" signature="testStringToNumber(com.ss.ita.kata.Eight,java.lang.String,int)[pri:0, instance:com.ss.ita.kata.EightTest@7f13d6e]" name="testStringToNumber" duration-ms="0" started-at="2021-09-30T22:04:11 EEST" data-provider="dpStringToNumber" finished-at="2021-09-30T22:04:11 EEST">
          <params>
            <param index="0">
              <value>
                <![CDATA[com.ss.ita.kata.implementation.dzhyv.EightImpl@b9afc07]]>
              </value>
            </param>
            <param index="1">
              <value>
                <![CDATA[10]]>
              </value>
            </param>
            <param index="2">
              <value>
                <![CDATA[10]]>
              </value>
            </param>
          </params>
          <reporter-output>
          </reporter-output>
        </test-method> <!-- testStringToNumber -->
        <test-method status="PASS" signature="testStringToNumber(com.ss.ita.kata.Eight,java.lang.String,int)[pri:0, instance:com.ss.ita.kata.EightTest@7f13d6e]" name="testStringToNumber" duration-ms="0" started-at="2021-09-30T22:04:11 EEST" data-provider="dpStringToNumber" finished-at="2021-09-30T22:04:11 EEST">
          <params>
            <param index="0">
              <value>
                <![CDATA[com.ss.ita.kata.implementation.vladdmytriv.EightImpl@5427c60c]]>
              </value>
            </param>
            <param index="1">
              <value>
                <![CDATA[-10]]>
              </value>
            </param>
            <param index="2">
              <value>
                <![CDATA[-10]]>
              </value>
            </param>
          </params>
          <reporter-output>
          </reporter-output>
        </test-method> <!-- testStringToNumber -->
        <test-method status="PASS" signature="testStringToNumber(com.ss.ita.kata.Eight,java.lang.String,int)[pri:0, instance:com.ss.ita.kata.EightTest@7f13d6e]" name="testStringToNumber" duration-ms="0" started-at="2021-09-30T22:04:11 EEST" data-provider="dpStringToNumber" finished-at="2021-09-30T22:04:11 EEST">
          <params>
            <param index="0">
              <value>
                <![CDATA[com.ss.ita.kata.implementation.vladdmytriv.EightImpl@5427c60c]]>
              </value>
            </param>
            <param index="1">
              <value>
                <![CDATA[0]]>
              </value>
            </param>
            <param index="2">
              <value>
                <![CDATA[0]]>
              </value>
            </param>
          </params>
          <reporter-output>
          </reporter-output>
        </test-method> <!-- testStringToNumber -->
        <test-method status="FAIL" signature="testStringToNumber(com.ss.ita.kata.Eight,java.lang.String,int)[pri:0, instance:com.ss.ita.kata.EightTest@7f13d6e]" name="testStringToNumber" duration-ms="15" started-at="2021-09-30T22:04:11 EEST" data-provider="dpStringToNumber" finished-at="2021-09-30T22:04:11 EEST">
          <params>
            <param index="0">
              <value>
                <![CDATA[com.ss.ita.kata.implementation.ErrDmitry404.EightImpl@3d0f8e03]]>
              </value>
            </param>
            <param index="1">
              <value>
                <![CDATA[-10]]>
              </value>
            </param>
            <param index="2">
              <value>
                <![CDATA[-10]]>
              </value>
            </param>
          </params>
          <exception class="java.lang.AssertionError">
            <message>
              <![CDATA[expected [-10] but found [0]]]>
            </message>
            <full-stacktrace>
              <![CDATA[java.lang.AssertionError: expected [-10] but found [0]
at org.testng.Assert.fail(Assert.java:99)
at org.testng.Assert.failNotEquals(Assert.java:1037)
at org.testng.Assert.assertEqualsImpl(Assert.java:140)
at org.testng.Assert.assertEquals(Assert.java:122)
at org.testng.Assert.assertEquals(Assert.java:907)
at org.testng.Assert.assertEquals(Assert.java:917)
at com.ss.ita.kata.EightTest.testStringToNumber(EightTest.java:40)
at sun.reflect.NativeMethodAccessorImpl.invoke0(Native Method)
at sun.reflect.NativeMethodAccessorImpl.invoke(NativeMethodAccessorImpl.java:62)
at sun.reflect.DelegatingMethodAccessorImpl.invoke(DelegatingMethodAccessorImpl.java:43)
at java.lang.reflect.Method.invoke(Method.java:498)
at org.testng.internal.MethodInvocationHelper.invokeMethod(MethodInvocationHelper.java:133)
at org.testng.internal.TestInvoker.invokeMethod(TestInvoker.java:598)
at org.testng.internal.TestInvoker.invokeTestMethod(TestInvoker.java:173)
at org.testng.internal.MethodRunner.runInSequence(MethodRunner.java:46)
at org.testng.internal.TestInvoker$MethodInvocationAgent.invoke(TestInvoker.java:824)
at org.testng.internal.TestInvoker.invokeTestMethods(TestInvoker.java:146)
at org.testng.internal.TestMethodWorker.invokeTestMethods(TestMethodWorker.java:146)
at org.testng.internal.TestMethodWorker.run(TestMethodWorker.java:128)
at java.util.ArrayList.forEach(ArrayList.java:1259)
at org.testng.TestRunner.privateRun(TestRunner.java:794)
at org.testng.TestRunner.run(TestRunner.java:596)
at org.testng.SuiteRunner.runTest(SuiteRunner.java:377)
at org.testng.SuiteRunner.runSequentially(SuiteRunner.java:371)
at org.testng.SuiteRunner.privateRun(SuiteRunner.java:332)
at org.testng.SuiteRunner.run(SuiteRunner.java:276)
at org.testng.SuiteRunnerWorker.runSuite(SuiteRunnerWorker.java:53)
at org.testng.SuiteRunnerWorker.run(SuiteRunnerWorker.java:96)
at org.testng.TestNG.runSuitesSequentially(TestNG.java:1212)
at org.testng.TestNG.runSuitesLocally(TestNG.java:1134)
at org.testng.TestNG.runSuites(TestNG.java:1063)
at org.testng.TestNG.run(TestNG.java:1031)
at org.testng.remote.AbstractRemoteTestNG.run(AbstractRemoteTestNG.java:115)
at org.testng.remote.RemoteTestNG.initAndRun(RemoteTestNG.java:251)
at org.testng.remote.RemoteTestNG.main(RemoteTestNG.java:77)
]]>
            </full-stacktrace>
          </exception> <!-- java.lang.AssertionError -->
          <reporter-output>
          </reporter-output>
        </test-method> <!-- testStringToNumber -->
        <test-method status="PASS" signature="testStringToNumber(com.ss.ita.kata.Eight,java.lang.String,int)[pri:0, instance:com.ss.ita.kata.EightTest@7f13d6e]" name="testStringToNumber" duration-ms="0" started-at="2021-09-30T22:04:11 EEST" data-provider="dpStringToNumber" finished-at="2021-09-30T22:04:11 EEST">
          <params>
            <param index="0">
              <value>
                <![CDATA[com.ss.ita.kata.implementation.vladdmytriv.EightImpl@5427c60c]]>
              </value>
            </param>
            <param index="1">
              <value>
                <![CDATA[10]]>
              </value>
            </param>
            <param index="2">
              <value>
                <![CDATA[10]]>
              </value>
            </param>
          </params>
          <reporter-output>
          </reporter-output>
        </test-method> <!-- testStringToNumber -->
        <test-method status="PASS" signature="testStringToNumber(com.ss.ita.kata.Eight,java.lang.String,int)[pri:0, instance:com.ss.ita.kata.EightTest@7f13d6e]" name="testStringToNumber" duration-ms="0" started-at="2021-09-30T22:04:11 EEST" data-provider="dpStringToNumber" finished-at="2021-09-30T22:04:11 EEST">
          <params>
            <param index="0">
              <value>
                <![CDATA[com.ss.ita.kata.implementation.ErrDmitry404.EightImpl@3d0f8e03]]>
              </value>
            </param>
            <param index="1">
              <value>
                <![CDATA[0]]>
              </value>
            </param>
            <param index="2">
              <value>
                <![CDATA[0]]>
              </value>
            </param>
          </params>
          <reporter-output>
          </reporter-output>
        </test-method> <!-- testStringToNumber -->
        <test-method status="FAIL" signature="testStringToNumber(com.ss.ita.kata.Eight,java.lang.String,int)[pri:0, instance:com.ss.ita.kata.EightTest@7f13d6e]" name="testStringToNumber" duration-ms="0" started-at="2021-09-30T22:04:11 EEST" data-provider="dpStringToNumber" finished-at="2021-09-30T22:04:11 EEST">
          <params>
            <param index="0">
              <value>
                <![CDATA[com.ss.ita.kata.implementation.ErrDmitry404.EightImpl@3d0f8e03]]>
              </value>
            </param>
            <param index="1">
              <value>
                <![CDATA[10]]>
              </value>
            </param>
            <param index="2">
              <value>
                <![CDATA[10]]>
              </value>
            </param>
          </params>
          <exception class="java.lang.AssertionError">
            <message>
              <![CDATA[expected [10] but found [0]]]>
            </message>
            <full-stacktrace>
              <![CDATA[java.lang.AssertionError: expected [10] but found [0]
at org.testng.Assert.fail(Assert.java:99)
at org.testng.Assert.failNotEquals(Assert.java:1037)
at org.testng.Assert.assertEqualsImpl(Assert.java:140)
at org.testng.Assert.assertEquals(Assert.java:122)
at org.testng.Assert.assertEquals(Assert.java:907)
at org.testng.Assert.assertEquals(Assert.java:917)
at com.ss.ita.kata.EightTest.testStringToNumber(EightTest.java:40)
at sun.reflect.NativeMethodAccessorImpl.invoke0(Native Method)
at sun.reflect.NativeMethodAccessorImpl.invoke(NativeMethodAccessorImpl.java:62)
at sun.reflect.DelegatingMethodAccessorImpl.invoke(DelegatingMethodAccessorImpl.java:43)
at java.lang.reflect.Method.invoke(Method.java:498)
at org.testng.internal.MethodInvocationHelper.invokeMethod(MethodInvocationHelper.java:133)
at org.testng.internal.TestInvoker.invokeMethod(TestInvoker.java:598)
at org.testng.internal.TestInvoker.invokeTestMethod(TestInvoker.java:173)
at org.testng.internal.MethodRunner.runInSequence(MethodRunner.java:46)
at org.testng.internal.TestInvoker$MethodInvocationAgent.invoke(TestInvoker.java:824)
at org.testng.internal.TestInvoker.invokeTestMethods(TestInvoker.java:146)
at org.testng.internal.TestMethodWorker.invokeTestMethods(TestMethodWorker.java:146)
at org.testng.internal.TestMethodWorker.run(TestMethodWorker.java:128)
at java.util.ArrayList.forEach(ArrayList.java:1259)
at org.testng.TestRunner.privateRun(TestRunner.java:794)
at org.testng.TestRunner.run(TestRunner.java:596)
at org.testng.SuiteRunner.runTest(SuiteRunner.java:377)
at org.testng.SuiteRunner.runSequentially(SuiteRunner.java:371)
at org.testng.SuiteRunner.privateRun(SuiteRunner.java:332)
at org.testng.SuiteRunner.run(SuiteRunner.java:276)
at org.testng.SuiteRunnerWorker.runSuite(SuiteRunnerWorker.java:53)
at org.testng.SuiteRunnerWorker.run(SuiteRunnerWorker.java:96)
at org.testng.TestNG.runSuitesSequentially(TestNG.java:1212)
at org.testng.TestNG.runSuitesLocally(TestNG.java:1134)
at org.testng.TestNG.runSuites(TestNG.java:1063)
at org.testng.TestNG.run(TestNG.java:1031)
at org.testng.remote.AbstractRemoteTestNG.run(AbstractRemoteTestNG.java:115)
at org.testng.remote.RemoteTestNG.initAndRun(RemoteTestNG.java:251)
at org.testng.remote.RemoteTestNG.main(RemoteTestNG.java:77)
]]>
            </full-stacktrace>
          </exception> <!-- java.lang.AssertionError -->
          <reporter-output>
          </reporter-output>
        </test-method> <!-- testStringToNumber -->
        <test-method status="PASS" signature="testStringToNumber(com.ss.ita.kata.Eight,java.lang.String,int)[pri:0, instance:com.ss.ita.kata.EightTest@7f13d6e]" name="testStringToNumber" duration-ms="0" started-at="2021-09-30T22:04:11 EEST" data-provider="dpStringToNumber" finished-at="2021-09-30T22:04:11 EEST">
          <params>
            <param index="0">
              <value>
                <![CDATA[com.ss.ita.kata.implementation.VladGranat.EightImpl@5f71c76a]]>
              </value>
            </param>
            <param index="1">
              <value>
                <![CDATA[-10]]>
              </value>
            </param>
            <param index="2">
              <value>
                <![CDATA[-10]]>
              </value>
            </param>
          </params>
          <reporter-output>
          </reporter-output>
        </test-method> <!-- testStringToNumber -->
        <test-method status="PASS" signature="testStringToNumber(com.ss.ita.kata.Eight,java.lang.String,int)[pri:0, instance:com.ss.ita.kata.EightTest@7f13d6e]" name="testStringToNumber" duration-ms="0" started-at="2021-09-30T22:04:11 EEST" data-provider="dpStringToNumber" finished-at="2021-09-30T22:04:11 EEST">
          <params>
            <param index="0">
              <value>
                <![CDATA[com.ss.ita.kata.implementation.VladGranat.EightImpl@5f71c76a]]>
              </value>
            </param>
            <param index="1">
              <value>
                <![CDATA[0]]>
              </value>
            </param>
            <param index="2">
              <value>
                <![CDATA[0]]>
              </value>
            </param>
          </params>
          <reporter-output>
          </reporter-output>
        </test-method> <!-- testStringToNumber -->
        <test-method status="PASS" signature="testStringToNumber(com.ss.ita.kata.Eight,java.lang.String,int)[pri:0, instance:com.ss.ita.kata.EightTest@7f13d6e]" name="testStringToNumber" duration-ms="0" started-at="2021-09-30T22:04:11 EEST" data-provider="dpStringToNumber" finished-at="2021-09-30T22:04:11 EEST">
          <params>
            <param index="0">
              <value>
                <![CDATA[com.ss.ita.kata.implementation.VladGranat.EightImpl@5f71c76a]]>
              </value>
            </param>
            <param index="1">
              <value>
                <![CDATA[10]]>
              </value>
            </param>
            <param index="2">
              <value>
                <![CDATA[10]]>
              </value>
            </param>
          </params>
          <reporter-output>
          </reporter-output>
        </test-method> <!-- testStringToNumber -->
        <test-method status="PASS" signature="testStringToNumber(com.ss.ita.kata.Eight,java.lang.String,int)[pri:0, instance:com.ss.ita.kata.EightTest@7f13d6e]" name="testStringToNumber" duration-ms="0" started-at="2021-09-30T22:04:11 EEST" data-provider="dpStringToNumber" finished-at="2021-09-30T22:04:11 EEST">
          <params>
            <param index="0">
              <value>
                <![CDATA[com.ss.ita.kata.implementation.TarasKr.EightImpl@4f51b3e0]]>
              </value>
            </param>
            <param index="1">
              <value>
                <![CDATA[0]]>
              </value>
            </param>
            <param index="2">
              <value>
                <![CDATA[0]]>
              </value>
            </param>
          </params>
          <reporter-output>
          </reporter-output>
        </test-method> <!-- testStringToNumber -->
        <test-method status="PASS" signature="testStringToNumber(com.ss.ita.kata.Eight,java.lang.String,int)[pri:0, instance:com.ss.ita.kata.EightTest@7f13d6e]" name="testStringToNumber" duration-ms="0" started-at="2021-09-30T22:04:11 EEST" data-provider="dpStringToNumber" finished-at="2021-09-30T22:04:11 EEST">
          <params>
            <param index="0">
              <value>
                <![CDATA[com.ss.ita.kata.implementation.TarasKr.EightImpl@4f51b3e0]]>
              </value>
            </param>
            <param index="1">
              <value>
                <![CDATA[-10]]>
              </value>
            </param>
            <param index="2">
              <value>
                <![CDATA[-10]]>
              </value>
            </param>
          </params>
          <reporter-output>
          </reporter-output>
        </test-method> <!-- testStringToNumber -->
        <test-method status="PASS" signature="testStringToNumber(com.ss.ita.kata.Eight,java.lang.String,int)[pri:0, instance:com.ss.ita.kata.EightTest@7f13d6e]" name="testStringToNumber" duration-ms="0" started-at="2021-09-30T22:04:11 EEST" data-provider="dpStringToNumber" finished-at="2021-09-30T22:04:11 EEST">
          <params>
            <param index="0">
              <value>
                <![CDATA[com.ss.ita.kata.implementation.TarasKr.EightImpl@4f51b3e0]]>
              </value>
            </param>
            <param index="1">
              <value>
                <![CDATA[10]]>
              </value>
            </param>
            <param index="2">
              <value>
                <![CDATA[10]]>
              </value>
            </param>
          </params>
          <reporter-output>
          </reporter-output>
        </test-method> <!-- testStringToNumber -->
        <test-method status="PASS" signature="testStringToNumber(com.ss.ita.kata.Eight,java.lang.String,int)[pri:0, instance:com.ss.ita.kata.EightTest@7f13d6e]" name="testStringToNumber" duration-ms="16" started-at="2021-09-30T22:04:11 EEST" data-provider="dpStringToNumber" finished-at="2021-09-30T22:04:11 EEST">
          <params>
            <param index="0">
              <value>
                <![CDATA[com.ss.ita.kata.implementation.Percifalll.EightImpl@1ad282e0]]>
              </value>
            </param>
            <param index="1">
              <value>
                <![CDATA[-10]]>
              </value>
            </param>
            <param index="2">
              <value>
                <![CDATA[-10]]>
              </value>
            </param>
          </params>
          <reporter-output>
          </reporter-output>
        </test-method> <!-- testStringToNumber -->
        <test-method status="PASS" signature="testStringToNumber(com.ss.ita.kata.Eight,java.lang.String,int)[pri:0, instance:com.ss.ita.kata.EightTest@7f13d6e]" name="testStringToNumber" duration-ms="15" started-at="2021-09-30T22:04:11 EEST" data-provider="dpStringToNumber" finished-at="2021-09-30T22:04:11 EEST">
          <params>
            <param index="0">
              <value>
                <![CDATA[com.ss.ita.kata.implementation.Percifalll.EightImpl@1ad282e0]]>
              </value>
            </param>
            <param index="1">
              <value>
                <![CDATA[0]]>
              </value>
            </param>
            <param index="2">
              <value>
                <![CDATA[0]]>
              </value>
            </param>
          </params>
          <reporter-output>
          </reporter-output>
        </test-method> <!-- testStringToNumber -->
        <test-method status="PASS" signature="testStringToNumber(com.ss.ita.kata.Eight,java.lang.String,int)[pri:0, instance:com.ss.ita.kata.EightTest@7f13d6e]" name="testStringToNumber" duration-ms="0" started-at="2021-09-30T22:04:11 EEST" data-provider="dpStringToNumber" finished-at="2021-09-30T22:04:11 EEST">
          <params>
            <param index="0">
              <value>
                <![CDATA[com.ss.ita.kata.implementation.Percifalll.EightImpl@1ad282e0]]>
              </value>
            </param>
            <param index="1">
              <value>
                <![CDATA[10]]>
              </value>
            </param>
            <param index="2">
              <value>
                <![CDATA[10]]>
              </value>
            </param>
          </params>
          <reporter-output>
          </reporter-output>
        </test-method> <!-- testStringToNumber -->
        <test-method status="PASS" signature="testStringToNumber(com.ss.ita.kata.Eight,java.lang.String,int)[pri:0, instance:com.ss.ita.kata.EightTest@7f13d6e]" name="testStringToNumber" duration-ms="0" started-at="2021-09-30T22:04:11 EEST" data-provider="dpStringToNumber" finished-at="2021-09-30T22:04:11 EEST">
          <params>
            <param index="0">
              <value>
                <![CDATA[com.ss.ita.kata.implementation.NyxLex.EightImpl@50de0926]]>
              </value>
            </param>
            <param index="1">
              <value>
                <![CDATA[-10]]>
              </value>
            </param>
            <param index="2">
              <value>
                <![CDATA[-10]]>
              </value>
            </param>
          </params>
          <reporter-output>
          </reporter-output>
        </test-method> <!-- testStringToNumber -->
        <test-method status="PASS" signature="testStringToNumber(com.ss.ita.kata.Eight,java.lang.String,int)[pri:0, instance:com.ss.ita.kata.EightTest@7f13d6e]" name="testStringToNumber" duration-ms="0" started-at="2021-09-30T22:04:11 EEST" data-provider="dpStringToNumber" finished-at="2021-09-30T22:04:11 EEST">
          <params>
            <param index="0">
              <value>
                <![CDATA[com.ss.ita.kata.implementation.NyxLex.EightImpl@50de0926]]>
              </value>
            </param>
            <param index="1">
              <value>
                <![CDATA[0]]>
              </value>
            </param>
            <param index="2">
              <value>
                <![CDATA[0]]>
              </value>
            </param>
          </params>
          <reporter-output>
          </reporter-output>
        </test-method> <!-- testStringToNumber -->
        <test-method status="PASS" signature="testStringToNumber(com.ss.ita.kata.Eight,java.lang.String,int)[pri:0, instance:com.ss.ita.kata.EightTest@7f13d6e]" name="testStringToNumber" duration-ms="0" started-at="2021-09-30T22:04:11 EEST" data-provider="dpStringToNumber" finished-at="2021-09-30T22:04:11 EEST">
          <params>
            <param index="0">
              <value>
                <![CDATA[com.ss.ita.kata.implementation.NyxLex.EightImpl@50de0926]]>
              </value>
            </param>
            <param index="1">
              <value>
                <![CDATA[10]]>
              </value>
            </param>
            <param index="2">
              <value>
                <![CDATA[10]]>
              </value>
            </param>
          </params>
          <reporter-output>
          </reporter-output>
        </test-method> <!-- testStringToNumber -->
        <test-method status="PASS" signature="testStringToNumber(com.ss.ita.kata.Eight,java.lang.String,int)[pri:0, instance:com.ss.ita.kata.EightTest@7f13d6e]" name="testStringToNumber" duration-ms="16" started-at="2021-09-30T22:04:11 EEST" data-provider="dpStringToNumber" finished-at="2021-09-30T22:04:11 EEST">
          <params>
            <param index="0">
              <value>
                <![CDATA[com.ss.ita.kata.implementation.NazarYakh.EightImpl@3439f68d]]>
              </value>
            </param>
            <param index="1">
              <value>
                <![CDATA[-10]]>
              </value>
            </param>
            <param index="2">
              <value>
                <![CDATA[-10]]>
              </value>
            </param>
          </params>
          <reporter-output>
          </reporter-output>
        </test-method> <!-- testStringToNumber -->
        <test-method status="PASS" signature="testStringToNumber(com.ss.ita.kata.Eight,java.lang.String,int)[pri:0, instance:com.ss.ita.kata.EightTest@7f13d6e]" name="testStringToNumber" duration-ms="0" started-at="2021-09-30T22:04:11 EEST" data-provider="dpStringToNumber" finished-at="2021-09-30T22:04:11 EEST">
          <params>
            <param index="0">
              <value>
                <![CDATA[com.ss.ita.kata.implementation.NazarYakh.EightImpl@3439f68d]]>
              </value>
            </param>
            <param index="1">
              <value>
                <![CDATA[0]]>
              </value>
            </param>
            <param index="2">
              <value>
                <![CDATA[0]]>
              </value>
            </param>
          </params>
          <reporter-output>
          </reporter-output>
        </test-method> <!-- testStringToNumber -->
        <test-method status="PASS" signature="testStringToNumber(com.ss.ita.kata.Eight,java.lang.String,int)[pri:0, instance:com.ss.ita.kata.EightTest@7f13d6e]" name="testStringToNumber" duration-ms="0" started-at="2021-09-30T22:04:11 EEST" data-provider="dpStringToNumber" finished-at="2021-09-30T22:04:11 EEST">
          <params>
            <param index="0">
              <value>
                <![CDATA[com.ss.ita.kata.implementation.NazarYakh.EightImpl@3439f68d]]>
              </value>
            </param>
            <param index="1">
              <value>
                <![CDATA[10]]>
              </value>
            </param>
            <param index="2">
              <value>
                <![CDATA[10]]>
              </value>
            </param>
          </params>
          <reporter-output>
          </reporter-output>
        </test-method> <!-- testStringToNumber -->
        <test-method status="FAIL" signature="testStringToNumber(com.ss.ita.kata.Eight,java.lang.String,int)[pri:0, instance:com.ss.ita.kata.EightTest@7f13d6e]" name="testStringToNumber" duration-ms="16" started-at="2021-09-30T22:04:11 EEST" data-provider="dpStringToNumber" finished-at="2021-09-30T22:04:11 EEST">
          <params>
            <param index="0">
              <value>
                <![CDATA[com.ss.ita.kata.implementation.YevgenAleksandrovich.EightImpl@6c9f5c0d]]>
              </value>
            </param>
            <param index="1">
              <value>
                <![CDATA[-10]]>
              </value>
            </param>
            <param index="2">
              <value>
                <![CDATA[-10]]>
              </value>
            </param>
          </params>
          <exception class="java.lang.AssertionError">
            <message>
              <![CDATA[expected [-10] but found [0]]]>
            </message>
            <full-stacktrace>
              <![CDATA[java.lang.AssertionError: expected [-10] but found [0]
at org.testng.Assert.fail(Assert.java:99)
at org.testng.Assert.failNotEquals(Assert.java:1037)
at org.testng.Assert.assertEqualsImpl(Assert.java:140)
at org.testng.Assert.assertEquals(Assert.java:122)
at org.testng.Assert.assertEquals(Assert.java:907)
at org.testng.Assert.assertEquals(Assert.java:917)
at com.ss.ita.kata.EightTest.testStringToNumber(EightTest.java:40)
at sun.reflect.GeneratedMethodAccessor1.invoke(Unknown Source)
at sun.reflect.DelegatingMethodAccessorImpl.invoke(DelegatingMethodAccessorImpl.java:43)
at java.lang.reflect.Method.invoke(Method.java:498)
at org.testng.internal.MethodInvocationHelper.invokeMethod(MethodInvocationHelper.java:133)
at org.testng.internal.TestInvoker.invokeMethod(TestInvoker.java:598)
at org.testng.internal.TestInvoker.invokeTestMethod(TestInvoker.java:173)
at org.testng.internal.MethodRunner.runInSequence(MethodRunner.java:46)
at org.testng.internal.TestInvoker$MethodInvocationAgent.invoke(TestInvoker.java:824)
at org.testng.internal.TestInvoker.invokeTestMethods(TestInvoker.java:146)
at org.testng.internal.TestMethodWorker.invokeTestMethods(TestMethodWorker.java:146)
at org.testng.internal.TestMethodWorker.run(TestMethodWorker.java:128)
at java.util.ArrayList.forEach(ArrayList.java:1259)
at org.testng.TestRunner.privateRun(TestRunner.java:794)
at org.testng.TestRunner.run(TestRunner.java:596)
at org.testng.SuiteRunner.runTest(SuiteRunner.java:377)
at org.testng.SuiteRunner.runSequentially(SuiteRunner.java:371)
at org.testng.SuiteRunner.privateRun(SuiteRunner.java:332)
at org.testng.SuiteRunner.run(SuiteRunner.java:276)
at org.testng.SuiteRunnerWorker.runSuite(SuiteRunnerWorker.java:53)
at org.testng.SuiteRunnerWorker.run(SuiteRunnerWorker.java:96)
at org.testng.TestNG.runSuitesSequentially(TestNG.java:1212)
at org.testng.TestNG.runSuitesLocally(TestNG.java:1134)
at org.testng.TestNG.runSuites(TestNG.java:1063)
at org.testng.TestNG.run(TestNG.java:1031)
at org.testng.remote.AbstractRemoteTestNG.run(AbstractRemoteTestNG.java:115)
at org.testng.remote.RemoteTestNG.initAndRun(RemoteTestNG.java:251)
at org.testng.remote.RemoteTestNG.main(RemoteTestNG.java:77)
]]>
            </full-stacktrace>
          </exception> <!-- java.lang.AssertionError -->
          <reporter-output>
          </reporter-output>
        </test-method> <!-- testStringToNumber -->
        <test-method status="PASS" signature="testStringToNumber(com.ss.ita.kata.Eight,java.lang.String,int)[pri:0, instance:com.ss.ita.kata.EightTest@7f13d6e]" name="testStringToNumber" duration-ms="15" started-at="2021-09-30T22:04:11 EEST" data-provider="dpStringToNumber" finished-at="2021-09-30T22:04:11 EEST">
          <params>
            <param index="0">
              <value>
                <![CDATA[com.ss.ita.kata.implementation.YevgenAleksandrovich.EightImpl@6c9f5c0d]]>
              </value>
            </param>
            <param index="1">
              <value>
                <![CDATA[0]]>
              </value>
            </param>
            <param index="2">
              <value>
                <![CDATA[0]]>
              </value>
            </param>
          </params>
          <reporter-output>
          </reporter-output>
        </test-method> <!-- testStringToNumber -->
        <test-method status="FAIL" signature="testStringToNumber(com.ss.ita.kata.Eight,java.lang.String,int)[pri:0, instance:com.ss.ita.kata.EightTest@7f13d6e]" name="testStringToNumber" duration-ms="0" started-at="2021-09-30T22:04:11 EEST" data-provider="dpStringToNumber" finished-at="2021-09-30T22:04:11 EEST">
          <params>
            <param index="0">
              <value>
                <![CDATA[com.ss.ita.kata.implementation.YevgenAleksandrovich.EightImpl@6c9f5c0d]]>
              </value>
            </param>
            <param index="1">
              <value>
                <![CDATA[10]]>
              </value>
            </param>
            <param index="2">
              <value>
                <![CDATA[10]]>
              </value>
            </param>
          </params>
          <exception class="java.lang.AssertionError">
            <message>
              <![CDATA[expected [10] but found [0]]]>
            </message>
            <full-stacktrace>
              <![CDATA[java.lang.AssertionError: expected [10] but found [0]
at org.testng.Assert.fail(Assert.java:99)
at org.testng.Assert.failNotEquals(Assert.java:1037)
at org.testng.Assert.assertEqualsImpl(Assert.java:140)
at org.testng.Assert.assertEquals(Assert.java:122)
at org.testng.Assert.assertEquals(Assert.java:907)
at org.testng.Assert.assertEquals(Assert.java:917)
at com.ss.ita.kata.EightTest.testStringToNumber(EightTest.java:40)
at sun.reflect.GeneratedMethodAccessor1.invoke(Unknown Source)
at sun.reflect.DelegatingMethodAccessorImpl.invoke(DelegatingMethodAccessorImpl.java:43)
at java.lang.reflect.Method.invoke(Method.java:498)
at org.testng.internal.MethodInvocationHelper.invokeMethod(MethodInvocationHelper.java:133)
at org.testng.internal.TestInvoker.invokeMethod(TestInvoker.java:598)
at org.testng.internal.TestInvoker.invokeTestMethod(TestInvoker.java:173)
at org.testng.internal.MethodRunner.runInSequence(MethodRunner.java:46)
at org.testng.internal.TestInvoker$MethodInvocationAgent.invoke(TestInvoker.java:824)
at org.testng.internal.TestInvoker.invokeTestMethods(TestInvoker.java:146)
at org.testng.internal.TestMethodWorker.invokeTestMethods(TestMethodWorker.java:146)
at org.testng.internal.TestMethodWorker.run(TestMethodWorker.java:128)
at java.util.ArrayList.forEach(ArrayList.java:1259)
at org.testng.TestRunner.privateRun(TestRunner.java:794)
at org.testng.TestRunner.run(TestRunner.java:596)
at org.testng.SuiteRunner.runTest(SuiteRunner.java:377)
at org.testng.SuiteRunner.runSequentially(SuiteRunner.java:371)
at org.testng.SuiteRunner.privateRun(SuiteRunner.java:332)
at org.testng.SuiteRunner.run(SuiteRunner.java:276)
at org.testng.SuiteRunnerWorker.runSuite(SuiteRunnerWorker.java:53)
at org.testng.SuiteRunnerWorker.run(SuiteRunnerWorker.java:96)
at org.testng.TestNG.runSuitesSequentially(TestNG.java:1212)
at org.testng.TestNG.runSuitesLocally(TestNG.java:1134)
at org.testng.TestNG.runSuites(TestNG.java:1063)
at org.testng.TestNG.run(TestNG.java:1031)
at org.testng.remote.AbstractRemoteTestNG.run(AbstractRemoteTestNG.java:115)
at org.testng.remote.RemoteTestNG.initAndRun(RemoteTestNG.java:251)
at org.testng.remote.RemoteTestNG.main(RemoteTestNG.java:77)
]]>
            </full-stacktrace>
          </exception> <!-- java.lang.AssertionError -->
          <reporter-output>
          </reporter-output>
        </test-method> <!-- testStringToNumber -->
      </class> <!-- com.ss.ita.kata.EightTest -->
    </test> <!-- Default test -->
  </suite> <!-- Default suite -->
</testng-results>
